2020-03-07 12:57:59.355  INFO 13796 --- [main] c.e.s.SeventhmarchApplication            : Starting SeventhmarchApplication on DESKTOP-GONUBG8 with PID 13796 (C:\Users\User\Exercism\java\seventhmarch\target\classes started by User in C:\Users\User\Exercism\java\seventhmarch)
2020-03-07 12:57:59.360  INFO 13796 --- [main] c.e.s.SeventhmarchApplication            : No active profile set, falling back to default profiles: default
2020-03-07 12:58:01.594  INFO 13796 --- [main] .s.d.r.c.RepositoryConfigurationDelegate : Bootstrapping Spring Data JPA repositories in DEFAULT mode.
2020-03-07 12:58:01.693  INFO 13796 --- [main] .s.d.r.c.RepositoryConfigurationDelegate : Finished Spring Data repository scanning in 86ms. Found 1 JPA repository interfaces.
2020-03-07 12:58:02.488  INFO 13796 --- [main] o.s.b.w.embedded.tomcat.TomcatWebServer  : Tomcat initialized with port(s): 32321 (http)
2020-03-07 12:58:02.496  INFO 13796 --- [main] o.apache.catalina.core.StandardService   : Starting service [Tomcat]
2020-03-07 12:58:02.497  INFO 13796 --- [main] org.apache.catalina.core.StandardEngine  : Starting Servlet engine: [Apache Tomcat/9.0.31]
2020-03-07 12:58:02.643  INFO 13796 --- [main] o.a.c.c.C.[.[localhost].[/seventhmarch]  : Initializing Spring embedded WebApplicationContext
2020-03-07 12:58:02.644  INFO 13796 --- [main] o.s.web.context.ContextLoader            : Root WebApplicationContext: initialization completed in 3179 ms
2020-03-07 12:58:02.810  INFO 13796 --- [main] o.hibernate.jpa.internal.util.LogHelper  : HHH000204: Processing PersistenceUnitInfo [name: default]
2020-03-07 12:58:02.889  INFO 13796 --- [main] org.hibernate.Version                    : HHH000412: Hibernate ORM core version 5.4.12.Final
2020-03-07 12:58:03.006  INFO 13796 --- [main] o.hibernate.annotations.common.Version   : HCANN000001: Hibernate Commons Annotations {5.1.0.Final}
2020-03-07 12:58:03.115  INFO 13796 --- [main] com.zaxxer.hikari.HikariDataSource       : HikariPool-1 - Starting...
2020-03-07 12:58:03.118  WARN 13796 --- [main] com.zaxxer.hikari.util.DriverDataSource  : Registered driver with driverClassName=com.mysql.jdbc.Driver was not found, trying direct instantiation.
2020-03-07 12:58:03.301  INFO 13796 --- [main] com.zaxxer.hikari.HikariDataSource       : HikariPool-1 - Start completed.
2020-03-07 12:58:03.344  INFO 13796 --- [main] org.hibernate.dialect.Dialect            : HHH000400: Using dialect: org.hibernate.dialect.MySQL5Dialect
2020-03-07 12:58:03.997  INFO 13796 --- [main] o.h.e.t.j.p.i.JtaPlatformInitiator       : HHH000490: Using JtaPlatform implementation: [org.hibernate.engine.transaction.jta.platform.internal.NoJtaPlatform]
2020-03-07 12:58:04.011  INFO 13796 --- [main] j.LocalContainerEntityManagerFactoryBean : Initialized JPA EntityManagerFactory for persistence unit 'default'
2020-03-07 12:58:04.569  WARN 13796 --- [main] JpaBaseConfiguration$JpaWebConfiguration : spring.jpa.open-in-view is enabled by default. Therefore, database queries may be performed during view rendering. Explicitly configure spring.jpa.open-in-view to disable this warning
2020-03-07 12:58:04.725  INFO 13796 --- [main] pertySourcedRequestMappingHandlerMapping : Mapped URL path [/v2/api-docs] onto method [springfox.documentation.swagger2.web.Swagger2Controller#getDocumentation(String, HttpServletRequest)]
2020-03-07 12:58:04.880  INFO 13796 --- [main] o.s.s.concurrent.ThreadPoolTaskExecutor  : Initializing ExecutorService 'applicationTaskExecutor'
2020-03-07 12:58:05.350  INFO 13796 --- [main] d.s.w.p.DocumentationPluginsBootstrapper : Context refreshed
2020-03-07 12:58:05.378  INFO 13796 --- [main] d.s.w.p.DocumentationPluginsBootstrapper : Found 1 custom documentation plugin(s)
2020-03-07 12:58:05.412  INFO 13796 --- [main] s.d.s.w.s.ApiListingReferenceScanner     : Scanning for api listing references
2020-03-07 12:58:05.620  INFO 13796 --- [main] o.s.b.w.embedded.tomcat.TomcatWebServer  : Tomcat started on port(s): 32321 (http) with context path '/seventhmarch'
2020-03-07 12:58:05.623  INFO 13796 --- [main] c.e.s.SeventhmarchApplication            : Started SeventhmarchApplication in 7.125 seconds (JVM running for 9.028)
2020-03-07 12:58:51.565  INFO 13360 --- [main] c.e.s.SeventhmarchApplication            : Starting SeventhmarchApplication on DESKTOP-GONUBG8 with PID 13360 (C:\Users\User\Exercism\java\seventhmarch\target\classes started by User in C:\Users\User\Exercism\java\seventhmarch)
2020-03-07 12:58:51.574  INFO 13360 --- [main] c.e.s.SeventhmarchApplication            : No active profile set, falling back to default profiles: default
2020-03-07 12:58:53.804  INFO 13360 --- [main] .s.d.r.c.RepositoryConfigurationDelegate : Bootstrapping Spring Data JPA repositories in DEFAULT mode.
2020-03-07 12:58:53.870  INFO 13360 --- [main] .s.d.r.c.RepositoryConfigurationDelegate : Finished Spring Data repository scanning in 57ms. Found 1 JPA repository interfaces.
2020-03-07 12:58:54.452  INFO 13360 --- [main] o.s.b.w.embedded.tomcat.TomcatWebServer  : Tomcat initialized with port(s): 32321 (http)
2020-03-07 12:58:54.461  INFO 13360 --- [main] o.apache.catalina.core.StandardService   : Starting service [Tomcat]
2020-03-07 12:58:54.461  INFO 13360 --- [main] org.apache.catalina.core.StandardEngine  : Starting Servlet engine: [Apache Tomcat/9.0.31]
2020-03-07 12:58:54.640  INFO 13360 --- [main] o.a.c.c.C.[Tomcat].[localhost].[/]       : Initializing Spring embedded WebApplicationContext
2020-03-07 12:58:54.641  INFO 13360 --- [main] o.s.web.context.ContextLoader            : Root WebApplicationContext: initialization completed in 2964 ms
2020-03-07 12:58:54.840  INFO 13360 --- [main] o.hibernate.jpa.internal.util.LogHelper  : HHH000204: Processing PersistenceUnitInfo [name: default]
2020-03-07 12:58:54.937  INFO 13360 --- [main] org.hibernate.Version                    : HHH000412: Hibernate ORM core version 5.4.12.Final
2020-03-07 12:58:55.083  INFO 13360 --- [main] o.hibernate.annotations.common.Version   : HCANN000001: Hibernate Commons Annotations {5.1.0.Final}
2020-03-07 12:58:55.247  INFO 13360 --- [main] com.zaxxer.hikari.HikariDataSource       : HikariPool-1 - Starting...
2020-03-07 12:58:55.252  WARN 13360 --- [main] com.zaxxer.hikari.util.DriverDataSource  : Registered driver with driverClassName=com.mysql.jdbc.Driver was not found, trying direct instantiation.
2020-03-07 12:58:55.419  INFO 13360 --- [main] com.zaxxer.hikari.HikariDataSource       : HikariPool-1 - Start completed.
2020-03-07 12:58:55.467  INFO 13360 --- [main] org.hibernate.dialect.Dialect            : HHH000400: Using dialect: org.hibernate.dialect.MySQL5Dialect
2020-03-07 12:58:56.253  INFO 13360 --- [main] o.h.e.t.j.p.i.JtaPlatformInitiator       : HHH000490: Using JtaPlatform implementation: [org.hibernate.engine.transaction.jta.platform.internal.NoJtaPlatform]
2020-03-07 12:58:56.263  INFO 13360 --- [main] j.LocalContainerEntityManagerFactoryBean : Initialized JPA EntityManagerFactory for persistence unit 'default'
2020-03-07 12:58:57.060  WARN 13360 --- [main] JpaBaseConfiguration$JpaWebConfiguration : spring.jpa.open-in-view is enabled by default. Therefore, database queries may be performed during view rendering. Explicitly configure spring.jpa.open-in-view to disable this warning
2020-03-07 12:58:57.237  INFO 13360 --- [main] pertySourcedRequestMappingHandlerMapping : Mapped URL path [/v2/api-docs] onto method [springfox.documentation.swagger2.web.Swagger2Controller#getDocumentation(String, HttpServletRequest)]
2020-03-07 12:58:57.356  INFO 13360 --- [main] o.s.s.concurrent.ThreadPoolTaskExecutor  : Initializing ExecutorService 'applicationTaskExecutor'
2020-03-07 12:58:57.506  INFO 13360 --- [main] d.s.w.p.DocumentationPluginsBootstrapper : Context refreshed
2020-03-07 12:58:57.525  INFO 13360 --- [main] d.s.w.p.DocumentationPluginsBootstrapper : Found 1 custom documentation plugin(s)
2020-03-07 12:58:57.556  INFO 13360 --- [main] s.d.s.w.s.ApiListingReferenceScanner     : Scanning for api listing references
2020-03-07 12:58:57.754  INFO 13360 --- [main] o.s.b.w.embedded.tomcat.TomcatWebServer  : Tomcat started on port(s): 32321 (http) with context path ''
2020-03-07 12:58:57.757  INFO 13360 --- [main] c.e.s.SeventhmarchApplication            : Started SeventhmarchApplication in 7.013 seconds (JVM running for 8.957)
2020-03-07 12:59:00.981  INFO 13360 --- [http-nio-32321-exec-2] o.a.c.c.C.[Tomcat].[localhost].[/]       : Initializing Spring DispatcherServlet 'dispatcherServlet'
2020-03-07 12:59:00.982  INFO 13360 --- [http-nio-32321-exec-2] o.s.web.servlet.DispatcherServlet        : Initializing Servlet 'dispatcherServlet'
2020-03-07 12:59:00.992  INFO 13360 --- [http-nio-32321-exec-2] o.s.web.servlet.DispatcherServlet        : Completed initialization in 9 ms
2020-03-07 12:59:01.036  INFO 13360 --- [http-nio-32321-exec-2] c.e.s.controller.AccountController       : this is a info message
2020-03-07 12:59:01.037  WARN 13360 --- [http-nio-32321-exec-2] c.e.s.controller.AccountController       : this is a warn message
2020-03-07 12:59:01.037 ERROR 13360 --- [http-nio-32321-exec-2] c.e.s.controller.AccountController       : this is a error message
2020-03-07 12:59:47.242  INFO 8668 --- [main] c.e.s.SeventhmarchApplication            : Starting SeventhmarchApplication on DESKTOP-GONUBG8 with PID 8668 (C:\Users\User\Exercism\java\seventhmarch\target\classes started by User in C:\Users\User\Exercism\java\seventhmarch)
2020-03-07 12:59:47.250  INFO 8668 --- [main] c.e.s.SeventhmarchApplication            : No active profile set, falling back to default profiles: default
2020-03-07 12:59:48.736  INFO 8668 --- [main] .s.d.r.c.RepositoryConfigurationDelegate : Bootstrapping Spring Data JPA repositories in DEFAULT mode.
2020-03-07 12:59:48.806  INFO 8668 --- [main] .s.d.r.c.RepositoryConfigurationDelegate : Finished Spring Data repository scanning in 61ms. Found 1 JPA repository interfaces.
2020-03-07 12:59:49.341  INFO 8668 --- [main] o.s.b.w.embedded.tomcat.TomcatWebServer  : Tomcat initialized with port(s): 32321 (http)
2020-03-07 12:59:49.350  INFO 8668 --- [main] o.apache.catalina.core.StandardService   : Starting service [Tomcat]
2020-03-07 12:59:49.351  INFO 8668 --- [main] org.apache.catalina.core.StandardEngine  : Starting Servlet engine: [Apache Tomcat/9.0.31]
2020-03-07 12:59:49.511  INFO 8668 --- [main] o.a.c.c.C.[.[localhost].[/seventhmarch]  : Initializing Spring embedded WebApplicationContext
2020-03-07 12:59:49.512  INFO 8668 --- [main] o.s.web.context.ContextLoader            : Root WebApplicationContext: initialization completed in 2136 ms
2020-03-07 12:59:49.680  INFO 8668 --- [main] o.hibernate.jpa.internal.util.LogHelper  : HHH000204: Processing PersistenceUnitInfo [name: default]
2020-03-07 12:59:49.753  INFO 8668 --- [main] org.hibernate.Version                    : HHH000412: Hibernate ORM core version 5.4.12.Final
2020-03-07 12:59:49.863  INFO 8668 --- [main] o.hibernate.annotations.common.Version   : HCANN000001: Hibernate Commons Annotations {5.1.0.Final}
2020-03-07 12:59:49.959  INFO 8668 --- [main] com.zaxxer.hikari.HikariDataSource       : HikariPool-1 - Starting...
2020-03-07 12:59:49.962  WARN 8668 --- [main] com.zaxxer.hikari.util.DriverDataSource  : Registered driver with driverClassName=com.mysql.jdbc.Driver was not found, trying direct instantiation.
2020-03-07 12:59:50.099  INFO 8668 --- [main] com.zaxxer.hikari.HikariDataSource       : HikariPool-1 - Start completed.
2020-03-07 12:59:50.135  INFO 8668 --- [main] org.hibernate.dialect.Dialect            : HHH000400: Using dialect: org.hibernate.dialect.MySQL5Dialect
2020-03-07 12:59:51.498  INFO 8668 --- [main] o.h.e.t.j.p.i.JtaPlatformInitiator       : HHH000490: Using JtaPlatform implementation: [org.hibernate.engine.transaction.jta.platform.internal.NoJtaPlatform]
2020-03-07 12:59:51.508  INFO 8668 --- [main] j.LocalContainerEntityManagerFactoryBean : Initialized JPA EntityManagerFactory for persistence unit 'default'
2020-03-07 12:59:52.227  WARN 8668 --- [main] JpaBaseConfiguration$JpaWebConfiguration : spring.jpa.open-in-view is enabled by default. Therefore, database queries may be performed during view rendering. Explicitly configure spring.jpa.open-in-view to disable this warning
2020-03-07 12:59:52.392  INFO 8668 --- [main] pertySourcedRequestMappingHandlerMapping : Mapped URL path [/v2/api-docs] onto method [springfox.documentation.swagger2.web.Swagger2Controller#getDocumentation(String, HttpServletRequest)]
2020-03-07 12:59:52.521  INFO 8668 --- [main] o.s.s.concurrent.ThreadPoolTaskExecutor  : Initializing ExecutorService 'applicationTaskExecutor'
2020-03-07 12:59:52.677  INFO 8668 --- [main] d.s.w.p.DocumentationPluginsBootstrapper : Context refreshed
2020-03-07 12:59:52.693  INFO 8668 --- [main] d.s.w.p.DocumentationPluginsBootstrapper : Found 1 custom documentation plugin(s)
2020-03-07 12:59:52.748  INFO 8668 --- [main] s.d.s.w.s.ApiListingReferenceScanner     : Scanning for api listing references
2020-03-07 12:59:53.065  INFO 8668 --- [main] o.s.b.w.embedded.tomcat.TomcatWebServer  : Tomcat started on port(s): 32321 (http) with context path '/seventhmarch'
2020-03-07 12:59:53.069  INFO 8668 --- [main] c.e.s.SeventhmarchApplication            : Started SeventhmarchApplication in 6.592 seconds (JVM running for 8.963)
2020-03-07 13:03:35.848  INFO 13900 --- [main] c.e.s.SeventhmarchApplication            : Starting SeventhmarchApplication on DESKTOP-GONUBG8 with PID 13900 (C:\Users\User\Exercism\java\seventhmarch\target\classes started by User in C:\Users\User\Exercism\java\seventhmarch)
2020-03-07 13:03:35.853  INFO 13900 --- [main] c.e.s.SeventhmarchApplication            : No active profile set, falling back to default profiles: default
2020-03-07 13:03:37.360  INFO 13900 --- [main] .s.d.r.c.RepositoryConfigurationDelegate : Bootstrapping Spring Data JPA repositories in DEFAULT mode.
2020-03-07 13:03:37.434  INFO 13900 --- [main] .s.d.r.c.RepositoryConfigurationDelegate : Finished Spring Data repository scanning in 64ms. Found 1 JPA repository interfaces.
2020-03-07 13:03:38.005  INFO 13900 --- [main] o.s.b.w.embedded.tomcat.TomcatWebServer  : Tomcat initialized with port(s): 32321 (http)
2020-03-07 13:03:38.017  INFO 13900 --- [main] o.apache.catalina.core.StandardService   : Starting service [Tomcat]
2020-03-07 13:03:38.018  INFO 13900 --- [main] org.apache.catalina.core.StandardEngine  : Starting Servlet engine: [Apache Tomcat/9.0.31]
2020-03-07 13:03:38.218  INFO 13900 --- [main] o.a.c.c.C.[.[localhost].[/seventhmarch]  : Initializing Spring embedded WebApplicationContext
2020-03-07 13:03:38.219  INFO 13900 --- [main] o.s.web.context.ContextLoader            : Root WebApplicationContext: initialization completed in 2244 ms
2020-03-07 13:03:38.444  INFO 13900 --- [main] o.hibernate.jpa.internal.util.LogHelper  : HHH000204: Processing PersistenceUnitInfo [name: default]
2020-03-07 13:03:38.536  INFO 13900 --- [main] org.hibernate.Version                    : HHH000412: Hibernate ORM core version 5.4.12.Final
2020-03-07 13:03:38.729  INFO 13900 --- [main] o.hibernate.annotations.common.Version   : HCANN000001: Hibernate Commons Annotations {5.1.0.Final}
2020-03-07 13:03:38.860  INFO 13900 --- [main] com.zaxxer.hikari.HikariDataSource       : HikariPool-1 - Starting...
2020-03-07 13:03:38.864  WARN 13900 --- [main] com.zaxxer.hikari.util.DriverDataSource  : Registered driver with driverClassName=com.mysql.jdbc.Driver was not found, trying direct instantiation.
2020-03-07 13:03:39.005  INFO 13900 --- [main] com.zaxxer.hikari.HikariDataSource       : HikariPool-1 - Start completed.
2020-03-07 13:03:39.039  INFO 13900 --- [main] org.hibernate.dialect.Dialect            : HHH000400: Using dialect: org.hibernate.dialect.MySQL5Dialect
2020-03-07 13:03:39.853  INFO 13900 --- [main] o.h.e.t.j.p.i.JtaPlatformInitiator       : HHH000490: Using JtaPlatform implementation: [org.hibernate.engine.transaction.jta.platform.internal.NoJtaPlatform]
2020-03-07 13:03:39.860  INFO 13900 --- [main] j.LocalContainerEntityManagerFactoryBean : Initialized JPA EntityManagerFactory for persistence unit 'default'
2020-03-07 13:03:40.398  WARN 13900 --- [main] JpaBaseConfiguration$JpaWebConfiguration : spring.jpa.open-in-view is enabled by default. Therefore, database queries may be performed during view rendering. Explicitly configure spring.jpa.open-in-view to disable this warning
2020-03-07 13:03:40.567  INFO 13900 --- [main] pertySourcedRequestMappingHandlerMapping : Mapped URL path [/v2/api-docs] onto method [springfox.documentation.swagger2.web.Swagger2Controller#getDocumentation(String, HttpServletRequest)]
2020-03-07 13:03:40.722  INFO 13900 --- [main] o.s.s.concurrent.ThreadPoolTaskExecutor  : Initializing ExecutorService 'applicationTaskExecutor'
2020-03-07 13:03:40.877  INFO 13900 --- [main] d.s.w.p.DocumentationPluginsBootstrapper : Context refreshed
2020-03-07 13:03:40.890  INFO 13900 --- [main] d.s.w.p.DocumentationPluginsBootstrapper : Found 1 custom documentation plugin(s)
2020-03-07 13:03:40.934  INFO 13900 --- [main] s.d.s.w.s.ApiListingReferenceScanner     : Scanning for api listing references
2020-03-07 13:03:41.165  INFO 13900 --- [main] o.s.b.w.embedded.tomcat.TomcatWebServer  : Tomcat started on port(s): 32321 (http) with context path '/seventhmarch'
2020-03-07 13:03:41.168  INFO 13900 --- [main] c.e.s.SeventhmarchApplication            : Started SeventhmarchApplication in 5.979 seconds (JVM running for 8.201)
