2020-05-26 11:26:24,622 INFO org.springframework.boot.StartupInfoLogger [main] Starting SeventhmarchApplication on Bobys-MacBook-Pro.local with PID 61571 (/Volumes/Data/JavaProjects/seventhmarch/target/classes started by bobyhw39 in /Volumes/Data/JavaProjects/seventhmarch)
2020-05-26 11:26:24,629 INFO org.springframework.boot.SpringApplication [main] No active profile set, falling back to default profiles: default
2020-05-26 11:26:26,188 INFO org.springframework.data.repository.config.RepositoryConfigurationDelegate [main] Bootstrapping Spring Data JPA repositories in DEFAULT mode.
2020-05-26 11:26:26,284 INFO org.springframework.data.repository.config.RepositoryConfigurationDelegate [main] Finished Spring Data repository scanning in 82ms. Found 2 JPA repository interfaces.
2020-05-26 11:26:27,015 INFO org.springframework.boot.web.embedded.tomcat.TomcatWebServer [main] Tomcat initialized with port(s): 32321 (http)
2020-05-26 11:26:27,028 INFO org.apache.juli.logging.DirectJDKLog [main] Initializing ProtocolHandler ["http-nio-32321"]
2020-05-26 11:26:27,029 INFO org.apache.juli.logging.DirectJDKLog [main] Starting service [Tomcat]
2020-05-26 11:26:27,030 INFO org.apache.juli.logging.DirectJDKLog [main] Starting Servlet engine: [Apache Tomcat/9.0.31]
2020-05-26 11:26:27,148 INFO org.apache.juli.logging.DirectJDKLog [main] Initializing Spring embedded WebApplicationContext
2020-05-26 11:26:27,149 INFO org.springframework.boot.web.servlet.context.ServletWebServerApplicationContext [main] Root WebApplicationContext: initialization completed in 2386 ms
2020-05-26 11:26:27,390 INFO org.hibernate.jpa.internal.util.LogHelper [main] HHH000204: Processing PersistenceUnitInfo [name: default]
2020-05-26 11:26:27,495 INFO org.hibernate.Version [main] HHH000412: Hibernate ORM core version 5.4.12.Final
2020-05-26 11:26:28,194 INFO org.hibernate.annotations.common.reflection.java.JavaReflectionManager [main] HCANN000001: Hibernate Commons Annotations {5.1.0.Final}
2020-05-26 11:26:28,485 INFO com.zaxxer.hikari.HikariDataSource [main] HikariPool-1 - Starting...
2020-05-26 11:26:29,257 INFO com.zaxxer.hikari.HikariDataSource [main] HikariPool-1 - Start completed.
2020-05-26 11:26:29,275 INFO org.hibernate.dialect.Dialect [main] HHH000400: Using dialect: org.hibernate.dialect.MySQL5Dialect
2020-05-26 11:26:30,346 INFO org.hibernate.engine.transaction.jta.platform.internal.JtaPlatformInitiator [main] HHH000490: Using JtaPlatform implementation: [org.hibernate.engine.transaction.jta.platform.internal.NoJtaPlatform]
2020-05-26 11:26:30,360 INFO org.springframework.orm.jpa.AbstractEntityManagerFactoryBean [main] Initialized JPA EntityManagerFactory for persistence unit 'default'
2020-05-26 11:26:31,482 WARN org.springframework.boot.autoconfigure.orm.jpa.JpaBaseConfiguration$JpaWebConfiguration [main] spring.jpa.open-in-view is enabled by default. Therefore, database queries may be performed during view rendering. Explicitly configure spring.jpa.open-in-view to disable this warning
2020-05-26 11:26:31,820 INFO springfox.documentation.spring.web.PropertySourcedRequestMappingHandlerMapping [main] Mapped URL path [/v2/api-docs] onto method [springfox.documentation.swagger2.web.Swagger2Controller#getDocumentation(String, HttpServletRequest)]
2020-05-26 11:26:32,080 INFO org.springframework.scheduling.concurrent.ExecutorConfigurationSupport [main] Initializing ExecutorService 'applicationTaskExecutor'
2020-05-26 11:26:32,299 INFO springfox.documentation.spring.web.plugins.DocumentationPluginsBootstrapper [main] Context refreshed
2020-05-26 11:26:32,321 INFO springfox.documentation.spring.web.plugins.DocumentationPluginsBootstrapper [main] Found 1 custom documentation plugin(s)
2020-05-26 11:26:32,368 INFO springfox.documentation.spring.web.scanners.ApiListingReferenceScanner [main] Scanning for api listing references
2020-05-26 11:26:32,652 INFO org.apache.juli.logging.DirectJDKLog [main] Starting ProtocolHandler ["http-nio-32321"]
2020-05-26 11:26:32,700 INFO org.springframework.boot.web.embedded.tomcat.TomcatWebServer [main] Tomcat started on port(s): 32321 (http) with context path ''
2020-05-26 11:26:32,704 INFO org.springframework.boot.StartupInfoLogger [main] Started SeventhmarchApplication in 9.318 seconds (JVM running for 11.515)
2020-05-26 11:38:21,521 INFO org.springframework.scheduling.concurrent.ExecutorConfigurationSupport [SpringContextShutdownHook] Shutting down ExecutorService 'applicationTaskExecutor'
2020-05-26 11:38:21,538 INFO org.springframework.orm.jpa.AbstractEntityManagerFactoryBean [SpringContextShutdownHook] Closing JPA EntityManagerFactory for persistence unit 'default'
2020-05-26 11:38:21,568 INFO com.zaxxer.hikari.HikariDataSource [SpringContextShutdownHook] HikariPool-1 - Shutdown initiated...
2020-05-26 11:38:21,607 INFO com.zaxxer.hikari.HikariDataSource [SpringContextShutdownHook] HikariPool-1 - Shutdown completed.
2020-05-26 14:10:57,799 INFO org.springframework.boot.StartupInfoLogger [main] Starting SeventhmarchApplication on Bobys-MacBook-Pro.local with PID 14533 (/Volumes/Data/JavaProjects/seventhmarch/target/classes started by bobyhw39 in /Volumes/Data/JavaProjects/seventhmarch)
2020-05-26 14:10:57,806 INFO org.springframework.boot.SpringApplication [main] No active profile set, falling back to default profiles: default
2020-05-26 14:10:59,495 INFO org.springframework.data.repository.config.RepositoryConfigurationDelegate [main] Bootstrapping Spring Data JPA repositories in DEFAULT mode.
2020-05-26 14:10:59,582 INFO org.springframework.data.repository.config.RepositoryConfigurationDelegate [main] Finished Spring Data repository scanning in 72ms. Found 2 JPA repository interfaces.
2020-05-26 14:11:00,253 INFO org.springframework.boot.web.embedded.tomcat.TomcatWebServer [main] Tomcat initialized with port(s): 32321 (http)
2020-05-26 14:11:00,266 INFO org.apache.juli.logging.DirectJDKLog [main] Initializing ProtocolHandler ["http-nio-32321"]
2020-05-26 14:11:00,266 INFO org.apache.juli.logging.DirectJDKLog [main] Starting service [Tomcat]
2020-05-26 14:11:00,267 INFO org.apache.juli.logging.DirectJDKLog [main] Starting Servlet engine: [Apache Tomcat/9.0.31]
2020-05-26 14:11:00,393 INFO org.apache.juli.logging.DirectJDKLog [main] Initializing Spring embedded WebApplicationContext
2020-05-26 14:11:00,394 INFO org.springframework.boot.web.servlet.context.ServletWebServerApplicationContext [main] Root WebApplicationContext: initialization completed in 2474 ms
2020-05-26 14:11:00,606 INFO org.hibernate.jpa.internal.util.LogHelper [main] HHH000204: Processing PersistenceUnitInfo [name: default]
2020-05-26 14:11:00,711 INFO org.hibernate.Version [main] HHH000412: Hibernate ORM core version 5.4.12.Final
2020-05-26 14:11:00,950 INFO org.hibernate.annotations.common.reflection.java.JavaReflectionManager [main] HCANN000001: Hibernate Commons Annotations {5.1.0.Final}
2020-05-26 14:11:01,083 INFO com.zaxxer.hikari.HikariDataSource [main] HikariPool-1 - Starting...
2020-05-26 14:11:01,721 INFO com.zaxxer.hikari.HikariDataSource [main] HikariPool-1 - Start completed.
2020-05-26 14:11:01,741 INFO org.hibernate.dialect.Dialect [main] HHH000400: Using dialect: org.hibernate.dialect.MySQL5Dialect
2020-05-26 14:11:02,617 INFO org.hibernate.engine.transaction.jta.platform.internal.JtaPlatformInitiator [main] HHH000490: Using JtaPlatform implementation: [org.hibernate.engine.transaction.jta.platform.internal.NoJtaPlatform]
2020-05-26 14:11:02,626 INFO org.springframework.orm.jpa.AbstractEntityManagerFactoryBean [main] Initialized JPA EntityManagerFactory for persistence unit 'default'
2020-05-26 14:11:03,518 WARN org.springframework.boot.autoconfigure.orm.jpa.JpaBaseConfiguration$JpaWebConfiguration [main] spring.jpa.open-in-view is enabled by default. Therefore, database queries may be performed during view rendering. Explicitly configure spring.jpa.open-in-view to disable this warning
2020-05-26 14:11:03,677 INFO springfox.documentation.spring.web.PropertySourcedRequestMappingHandlerMapping [main] Mapped URL path [/v2/api-docs] onto method [springfox.documentation.swagger2.web.Swagger2Controller#getDocumentation(String, HttpServletRequest)]
2020-05-26 14:11:03,836 INFO org.springframework.scheduling.concurrent.ExecutorConfigurationSupport [main] Initializing ExecutorService 'applicationTaskExecutor'
2020-05-26 14:11:04,020 INFO springfox.documentation.spring.web.plugins.DocumentationPluginsBootstrapper [main] Context refreshed
2020-05-26 14:11:04,040 INFO springfox.documentation.spring.web.plugins.DocumentationPluginsBootstrapper [main] Found 1 custom documentation plugin(s)
2020-05-26 14:11:04,079 INFO springfox.documentation.spring.web.scanners.ApiListingReferenceScanner [main] Scanning for api listing references
2020-05-26 14:11:04,322 INFO org.apache.juli.logging.DirectJDKLog [main] Starting ProtocolHandler ["http-nio-32321"]
2020-05-26 14:11:04,367 INFO org.springframework.boot.web.embedded.tomcat.TomcatWebServer [main] Tomcat started on port(s): 32321 (http) with context path ''
2020-05-26 14:11:04,370 INFO org.springframework.boot.StartupInfoLogger [main] Started SeventhmarchApplication in 7.501 seconds (JVM running for 9.162)
2020-05-26 14:19:53,979 INFO org.apache.juli.logging.DirectJDKLog [http-nio-32321-exec-1] Initializing Spring DispatcherServlet 'dispatcherServlet'
2020-05-26 14:19:53,984 INFO org.springframework.web.servlet.FrameworkServlet [http-nio-32321-exec-1] Initializing Servlet 'dispatcherServlet'
2020-05-26 14:19:54,040 INFO org.springframework.web.servlet.FrameworkServlet [http-nio-32321-exec-1] Completed initialization in 55 ms
2020-05-26 14:21:02,524 INFO com.enigma.seventhmarch.services.AccountServices [http-nio-32321-exec-3] Post new account 123456
2020-05-26 14:21:16,305 INFO com.enigma.seventhmarch.services.AccountServices [http-nio-32321-exec-2] get account of 123456
2020-05-26 14:23:08,685 INFO com.enigma.seventhmarch.services.AccountServices [http-nio-32321-exec-6] get account of 123456
2020-05-26 14:23:15,441 INFO com.enigma.seventhmarch.services.AccountServices [http-nio-32321-exec-4] get account of 123
2020-05-26 14:23:23,241 INFO com.enigma.seventhmarch.services.AccountServices [http-nio-32321-exec-7] get account of 123456
2020-05-26 15:47:23,865 INFO com.enigma.seventhmarch.services.AccountServices [http-nio-32321-exec-1] get account of 123456
2020-05-26 15:48:03,230 INFO com.enigma.seventhmarch.services.AccountServices [http-nio-32321-exec-4] get account of null
2020-05-26 15:48:27,411 INFO com.enigma.seventhmarch.services.AccountServices [http-nio-32321-exec-9] get account of null
2020-05-26 15:48:44,824 INFO com.enigma.seventhmarch.services.AccountServices [http-nio-32321-exec-1] get account of 123456
2020-05-26 15:48:52,254 INFO com.enigma.seventhmarch.services.AccountServices [http-nio-32321-exec-3] get account of null
2020-05-26 15:49:54,396 INFO com.enigma.seventhmarch.services.AccountServices [http-nio-32321-exec-6] get account of 123456
2020-05-26 15:49:58,785 INFO com.enigma.seventhmarch.services.AccountServices [http-nio-32321-exec-7] get account of 123456
2020-05-26 15:50:06,234 INFO com.enigma.seventhmarch.services.AccountServices [http-nio-32321-exec-9] get account of null
2020-05-26 15:50:40,521 INFO com.enigma.seventhmarch.services.AccountServices [http-nio-32321-exec-1] get account of 123456
2020-05-26 15:51:22,240 INFO com.enigma.seventhmarch.services.AccountServices [http-nio-32321-exec-2] get account of null
2020-05-26 15:59:49,961 INFO com.enigma.seventhmarch.services.AccountServices [http-nio-32321-exec-6] get account of null
2020-05-26 15:59:58,765 INFO com.enigma.seventhmarch.services.AccountServices [http-nio-32321-exec-7] get account of 123456
2020-05-26 19:51:31,348 INFO org.springframework.scheduling.concurrent.ExecutorConfigurationSupport [SpringContextShutdownHook] Shutting down ExecutorService 'applicationTaskExecutor'
2020-05-26 19:51:31,355 INFO org.springframework.orm.jpa.AbstractEntityManagerFactoryBean [SpringContextShutdownHook] Closing JPA EntityManagerFactory for persistence unit 'default'
2020-05-26 19:51:31,369 INFO com.zaxxer.hikari.HikariDataSource [SpringContextShutdownHook] HikariPool-1 - Shutdown initiated...
2020-05-26 19:51:31,380 INFO com.zaxxer.hikari.HikariDataSource [SpringContextShutdownHook] HikariPool-1 - Shutdown completed.
