2020-05-22 09:54:06,068 INFO org.springframework.boot.StartupInfoLogger [main] Starting SeventhmarchApplication on Bobys-MacBook-Pro.local with PID 1585 (/Volumes/Data/JavaProjects/seventhmarch/target/classes started by bobyhw39 in /Volumes/Data/JavaProjects/seventhmarch)
2020-05-22 09:54:06,072 INFO org.springframework.boot.SpringApplication [main] No active profile set, falling back to default profiles: default
2020-05-22 09:54:07,367 INFO org.springframework.data.repository.config.RepositoryConfigurationDelegate [main] Bootstrapping Spring Data JPA repositories in DEFAULT mode.
2020-05-22 09:54:07,487 INFO org.springframework.data.repository.config.RepositoryConfigurationDelegate [main] Finished Spring Data repository scanning in 105ms. Found 2 JPA repository interfaces.
2020-05-22 09:54:08,332 INFO org.springframework.boot.web.embedded.tomcat.TomcatWebServer [main] Tomcat initialized with port(s): 32321 (http)
2020-05-22 09:54:08,343 INFO org.apache.juli.logging.DirectJDKLog [main] Initializing ProtocolHandler ["http-nio-32321"]
2020-05-22 09:54:08,343 INFO org.apache.juli.logging.DirectJDKLog [main] Starting service [Tomcat]
2020-05-22 09:54:08,344 INFO org.apache.juli.logging.DirectJDKLog [main] Starting Servlet engine: [Apache Tomcat/9.0.31]
2020-05-22 09:54:08,457 INFO org.apache.juli.logging.DirectJDKLog [main] Initializing Spring embedded WebApplicationContext
2020-05-22 09:54:08,458 INFO org.springframework.boot.web.servlet.context.ServletWebServerApplicationContext [main] Root WebApplicationContext: initialization completed in 2304 ms
2020-05-22 09:54:08,686 INFO org.hibernate.jpa.internal.util.LogHelper [main] HHH000204: Processing PersistenceUnitInfo [name: default]
2020-05-22 09:54:08,810 INFO org.hibernate.Version [main] HHH000412: Hibernate ORM core version 5.4.12.Final
2020-05-22 09:54:08,997 INFO org.hibernate.annotations.common.reflection.java.JavaReflectionManager [main] HCANN000001: Hibernate Commons Annotations {5.1.0.Final}
2020-05-22 09:54:09,140 INFO com.zaxxer.hikari.HikariDataSource [main] HikariPool-1 - Starting...
2020-05-22 09:54:09,876 INFO com.zaxxer.hikari.HikariDataSource [main] HikariPool-1 - Start completed.
2020-05-22 09:54:09,900 INFO org.hibernate.dialect.Dialect [main] HHH000400: Using dialect: org.hibernate.dialect.MySQL5Dialect
2020-05-22 09:54:10,868 INFO org.hibernate.engine.transaction.jta.platform.internal.JtaPlatformInitiator [main] HHH000490: Using JtaPlatform implementation: [org.hibernate.engine.transaction.jta.platform.internal.NoJtaPlatform]
2020-05-22 09:54:10,877 INFO org.springframework.orm.jpa.AbstractEntityManagerFactoryBean [main] Initialized JPA EntityManagerFactory for persistence unit 'default'
2020-05-22 09:54:11,620 WARN org.springframework.boot.autoconfigure.orm.jpa.JpaBaseConfiguration$JpaWebConfiguration [main] spring.jpa.open-in-view is enabled by default. Therefore, database queries may be performed during view rendering. Explicitly configure spring.jpa.open-in-view to disable this warning
2020-05-22 09:54:11,774 INFO springfox.documentation.spring.web.PropertySourcedRequestMappingHandlerMapping [main] Mapped URL path [/v2/api-docs] onto method [springfox.documentation.swagger2.web.Swagger2Controller#getDocumentation(String, HttpServletRequest)]
2020-05-22 09:54:11,936 INFO org.springframework.scheduling.concurrent.ExecutorConfigurationSupport [main] Initializing ExecutorService 'applicationTaskExecutor'
2020-05-22 09:54:12,152 INFO springfox.documentation.spring.web.plugins.DocumentationPluginsBootstrapper [main] Context refreshed
2020-05-22 09:54:12,171 INFO springfox.documentation.spring.web.plugins.DocumentationPluginsBootstrapper [main] Found 1 custom documentation plugin(s)
2020-05-22 09:54:12,207 INFO springfox.documentation.spring.web.scanners.ApiListingReferenceScanner [main] Scanning for api listing references
2020-05-22 09:54:12,541 INFO org.apache.juli.logging.DirectJDKLog [main] Starting ProtocolHandler ["http-nio-32321"]
2020-05-22 09:54:12,610 INFO org.springframework.boot.web.embedded.tomcat.TomcatWebServer [main] Tomcat started on port(s): 32321 (http) with context path ''
2020-05-22 09:54:12,618 INFO org.springframework.boot.StartupInfoLogger [main] Started SeventhmarchApplication in 7.339 seconds (JVM running for 14.474)
2020-05-22 10:12:36,231 INFO org.apache.juli.logging.DirectJDKLog [http-nio-32321-exec-1] Initializing Spring DispatcherServlet 'dispatcherServlet'
2020-05-22 10:12:36,232 INFO org.springframework.web.servlet.FrameworkServlet [http-nio-32321-exec-1] Initializing Servlet 'dispatcherServlet'
2020-05-22 10:12:36,241 INFO org.springframework.web.servlet.FrameworkServlet [http-nio-32321-exec-1] Completed initialization in 9 ms
2020-05-22 13:52:41,301 INFO org.springframework.scheduling.concurrent.ExecutorConfigurationSupport [SpringContextShutdownHook] Shutting down ExecutorService 'applicationTaskExecutor'
2020-05-22 13:52:41,321 INFO org.springframework.orm.jpa.AbstractEntityManagerFactoryBean [SpringContextShutdownHook] Closing JPA EntityManagerFactory for persistence unit 'default'
2020-05-22 13:52:41,369 INFO com.zaxxer.hikari.HikariDataSource [SpringContextShutdownHook] HikariPool-1 - Shutdown initiated...
2020-05-22 13:52:41,386 INFO com.zaxxer.hikari.HikariDataSource [SpringContextShutdownHook] HikariPool-1 - Shutdown completed.
